CallLib/build/outputs/logs/manifest-merger-debug-report.txt
-- Merging decision tree log ---
manifest
ADDED from CallLib\AndroidManifest.xml:1:1-20:12
INJECTED from CallLib\AndroidManifest.xml:1:1-20:12
INJECTED from CallLib\AndroidManifest.xml:1:1-20:12
INJECTED from CallLib\AndroidManifest.xml:1:1-20:12
INJECTED from CallLib\AndroidManifest.xml:1:1-20:12
INJECTED from CallLib\AndroidManifest.xml:1:1-20:12
INJECTED from CallLib\AndroidManifest.xml:1:1-20:12
	package
		ADDED from CallLib\AndroidManifest.xml:3:11-36
		INJECTED from CallLib\AndroidManifest.xml
		INJECTED from CallLib\AndroidManifest.xml
	android:versionName
		INJECTED from CallLib\AndroidManifest.xml
		ADDED from CallLib\AndroidManifest.xml:1:1-20:12
		INJECTED from CallLib\AndroidManifest.xml
	xmlns:tools
		ADDED from CallLib\AndroidManifest.xml:2:11-57
	android:versionCode
		INJECTED from CallLib\AndroidManifest.xml
		ADDED from CallLib\AndroidManifest.xml:1:1-20:12
		INJECTED from CallLib\AndroidManifest.xml
	xmlns:android
		ADDED from CallLib\AndroidManifest.xml:1:11-69
application
ADDED from CallLib\AndroidManifest.xml:5:5-7:19
	android:supportsRtl
		ADDED from CallLib\AndroidManifest.xml:6:9-35
uses-permission#android.permission.CAMERA
ADDED from CallLib\AndroidManifest.xml:9:5-65
	android:name
		ADDED from CallLib\AndroidManifest.xml:9:22-62
uses-permission#android.permission.CHANGE_NETWORK_STATE
ADDED from CallLib\AndroidManifest.xml:10:5-79
	android:name
		ADDED from CallLib\AndroidManifest.xml:10:22-76
uses-permission#android.permission.MODIFY_AUDIO_SETTINGS
ADDED from CallLib\AndroidManifest.xml:11:5-80
	android:name
		ADDED from CallLib\AndroidManifest.xml:11:22-77
uses-permission#android.permission.RECORD_AUDIO
ADDED from CallLib\AndroidManifest.xml:12:5-71
	android:name
		ADDED from CallLib\AndroidManifest.xml:12:22-68
uses-permission#android.permission.BLUETOOTH
ADDED from CallLib\AndroidManifest.xml:13:5-68
	android:name
		ADDED from CallLib\AndroidManifest.xml:13:22-65
uses-permission#android.permission.INTERNET
ADDED from CallLib\AndroidManifest.xml:14:5-67
	android:name
		ADDED from CallLib\AndroidManifest.xml:14:22-64
uses-permission#android.permission.WRITE_EXTERNAL_STORAGE
ADDED from CallLib\AndroidManifest.xml:15:5-81
	android:name
		ADDED from CallLib\AndroidManifest.xml:15:22-78
uses-permission#android.permission.ACCESS_NETWORK_STATE
ADDED from CallLib\AndroidManifest.xml:16:5-79
	android:name
		ADDED from CallLib\AndroidManifest.xml:16:22-76
uses-permission#android.permission.CAPTURE_VIDEO_OUTPUT
ADDED from CallLib\AndroidManifest.xml:17:5-18:60
	tools:ignore
		ADDED from CallLib\AndroidManifest.xml:18:22-57
	android:name
		ADDED from CallLib\AndroidManifest.xml:17:22-76
uses-sdk
INJECTED from CallLib\AndroidManifest.xml reason: use-sdk injection requested
INJECTED from CallLib\AndroidManifest.xml
INJECTED from CallLib\AndroidManifest.xml
INJECTED from CallLib\AndroidManifest.xml
INJECTED from CallLib\AndroidManifest.xml
	android:targetSdkVersion
		INJECTED from CallLib\AndroidManifest.xml
		ADDED from CallLib\AndroidManifest.xml
		INJECTED from CallLib\AndroidManifest.xml
	android:minSdkVersion
		INJECTED from CallLib\AndroidManifest.xml
		ADDED from CallLib\AndroidManifest.xml
		INJECTED from CallLib\AndroidManifest.xml